[:00000001] LAUNCH logger ../battle_city/log/master.log
[:00000002] LAUNCH snlua bootstrap
[:00000003] LAUNCH snlua launcher
[:00000004] LAUNCH snlua cdummy
[:00000005] LAUNCH harbor 0 4
[:00000006] LAUNCH snlua datacenterd
[:00000007] LAUNCH snlua service_mgr
[:00000008] LAUNCH snlua master
[:00000009] LAUNCH snlua clusterd
[:0000000a] LAUNCH snlua gate
[:0000000a] Listen on 127.0.0.1:2500
[:0000000b] LAUNCH snlua db 127.0.0.1 battle_city
[:0000000c] LAUNCH snlua lobby
[:0000000d] LAUNCH snlua agentpool master
[:0000000e] LAUNCH snlua watchdog
[:0000000f] LAUNCH snlua gate
[:0000000f] Listen on 121.42.162.95:10001
[:00000010] LAUNCH snlua watchdog
[:00000011] LAUNCH snlua gate
[:00000011] Listen on 121.42.162.95:10002
[:00000008] load datas
[:00000008] load SceneProto
[:00000008] load UnitProto
[:00000008] load map
[:00000008] load map data: Scene001.txt
[:00000008] load map data: Scene002.txt
[:00000002] KILL self
[:00000009] socket accept from 127.0.0.1:48470
[:0000000e] New client from : 116.22.221.109:48979
[:00000012] LAUNCH snlua agent
[:00000012] master start5
[:00000012] send_package S2C_LoadScene
[:00000012] send_package S2C_Ping
[:00000012] &&&&raw_send_package
[:00000012] &&&&raw_send_package
[:00000012] 20 userdata: 0x7fd7d09fd3c0
[:00000012] recieve package C2S_Online
[:00000012] register agent332
[:00000012] send_package S2C_Online
[:00000012] &&&&raw_send_package
[:00000012] 28 userdata: 0x7fd7cf0724c0
[:00000012] recieve package Request_RoomList
[:00000012] send_package Response_RoomList
[:00000012] &&&&raw_send_package
[:00000012] 26 userdata: 0x7fd7d8c90240
[:00000012] recieve package Request_CreateRoom
[:00000012] send_package S2C_RoomData
[:00000012] send_package S2C_RoomData
[:00000012] send_package Response_CreateRoom
[:00000012] &&&&raw_send_package
[:00000012] &&&&raw_send_package
[:00000012] &&&&raw_send_package
[:00000012] 28 userdata: 0x7fd7d0935f40
[:00000012] recieve package Request_RoomList
[:00000012] send_package Response_RoomList
[:00000012] &&&&raw_send_package
[:00000012] 29 userdata: 0x7fd7d0895450
[:00000012] recieve package C2S_BroadcastRoomData
[:00000012] send_package S2C_RoomData
[:00000012] &&&&raw_send_package
[:00000012] 25 userdata: 0x7fd7cf0725e0
[:00000012] recieve package Request_StartGame
[:00000012] send_package S2C_LoadBattle
[:00000012] &&&&raw_send_package
[:0000000e] watchdog socket close 5
[:00000012] KILL self
[:0000000e] New client from : 116.22.221.109:50835
[:00000013] LAUNCH snlua agent
[:00000013] master start10
[:00000013] send_package S2C_LoadScene
[:00000013] send_package S2C_Ping
[:00000013] &&&&raw_send_package
[:00000013] &&&&raw_send_package
[:00000013] 20 userdata: 0x7fd7cf0725e0
[:00000013] recieve package C2S_Online
[:00000013] register agent333
[:00000013] send_package S2C_Online
[:00000013] &&&&raw_send_package
[:00000013] 28 userdata: 0x7fd7d09a8c40
[:00000013] recieve package Request_RoomList
[:00000013] send_package Response_RoomList
[:00000013] &&&&raw_send_package
[:00000013] 26 userdata: 0x7fd7d8c904e0
[:00000013] recieve package Request_CreateRoom
[:00000013] send_package S2C_RoomData
[:00000013] send_package S2C_RoomData
[:00000013] send_package Response_CreateRoom
[:00000013] &&&&raw_send_package
[:00000013] &&&&raw_send_package
[:00000013] &&&&raw_send_package
[:00000013] 28 userdata: 0x7fd7d8c90480
[:00000013] recieve package Request_RoomList
[:00000013] send_package Response_RoomList
[:00000013] &&&&raw_send_package
[:00000013] 29 userdata: 0x7fd7d0926730
[:00000013] recieve package C2S_BroadcastRoomData
[:00000013] send_package S2C_RoomData
[:00000013] &&&&raw_send_package
[:0000000e] watchdog socket close 10
[:00000013] KILL self
[:0000000e] New client from : 116.22.221.109:51151
[:00000014] LAUNCH snlua agent
[:00000014] master start14
[:00000014] send_package S2C_LoadScene
[:00000014] send_package S2C_Ping
[:00000014] &&&&raw_send_package
[:00000014] &&&&raw_send_package
[:00000014] 20 userdata: 0x7fd7cf0abd20
[:00000014] recieve package C2S_Online
[:00000014] register agent334
[:00000014] send_package S2C_Online
[:00000014] &&&&raw_send_package
[:00000014] 28 userdata: 0x7fd7d8c906e0
[:00000014] recieve package Request_RoomList
[:00000014] send_package Response_RoomList
[:00000014] &&&&raw_send_package
[:00000014] 26 userdata: 0x7fd7d8d42ac0
[:00000014] recieve package Request_CreateRoom
[:00000014] send_package S2C_RoomData
[:00000014] send_package S2C_RoomData
[:00000014] send_package Response_CreateRoom
[:00000014] &&&&raw_send_package
[:00000014] &&&&raw_send_package
[:00000014] &&&&raw_send_package
[:00000014] 28 userdata: 0x7fd7cf016580
[:00000014] recieve package Request_RoomList
[:00000014] send_package Response_RoomList
[:00000014] &&&&raw_send_package
[:00000014] 29 userdata: 0x7fd7d09edaa0
[:00000014] recieve package C2S_BroadcastRoomData
[:00000014] send_package S2C_RoomData
[:00000014] &&&&raw_send_package
[:00000014] 25 userdata: 0x7fd7d8c906e0
[:00000014] recieve package Request_StartGame
[:00000014] send_package S2C_LoadBattle
[:00000014] &&&&raw_send_package
[:0000000e] watchdog socket close 14
[:00000014] KILL self
[:0000000e] New client from : 116.22.221.109:60411
[:00000015] LAUNCH snlua agent
[:00000015] master start18
[:00000015] send_package S2C_LoadScene
[:00000015] send_package S2C_Ping
[:00000015] &&&&raw_send_package
[:00000015] &&&&raw_send_package
[:00000015] 20 userdata: 0x7fd7d8ca2500
[:00000015] recieve package C2S_Online
[:00000015] register agent335
[:00000015] send_package S2C_Online
[:00000015] &&&&raw_send_package
[:00000015] 28 userdata: 0x7fd7d8d0e220
[:00000015] recieve package Request_RoomList
[:00000015] send_package Response_RoomList
[:00000015] &&&&raw_send_package
[:0000000e] watchdog socket close 18
[:00000015] KILL self
[:0000000e] New client from : 116.22.221.109:62244
[:00000016] LAUNCH snlua agent
[:00000016] master start22
[:00000016] send_package S2C_LoadScene
[:00000016] send_package S2C_Ping
[:00000016] &&&&raw_send_package
[:00000016] &&&&raw_send_package
[:00000016] 20 userdata: 0x7fd7d8d0ee60
[:00000016] recieve package C2S_Online
[:00000016] register agent336
[:00000016] send_package S2C_Online
[:00000016] &&&&raw_send_package
[:00000016] 28 userdata: 0x7fd7d8d0e400
[:00000016] recieve package Request_RoomList
[:00000016] send_package Response_RoomList
[:00000016] &&&&raw_send_package
[:00000016] 26 userdata: 0x7fd7d09a80e0
[:00000016] recieve package Request_CreateRoom
[:00000016] send_package S2C_RoomData
[:00000016] send_package S2C_RoomData
[:00000016] send_package Response_CreateRoom
[:00000016] &&&&raw_send_package
[:00000016] &&&&raw_send_package
[:00000016] &&&&raw_send_package
[:00000016] 28 userdata: 0x7fd7d8d0e460
[:00000016] recieve package Request_RoomList
[:00000016] send_package Response_RoomList
[:00000016] &&&&raw_send_package
[:00000016] 29 userdata: 0x7fd7d09267f0
[:00000016] recieve package C2S_BroadcastRoomData
[:00000016] send_package S2C_RoomData
[:00000016] &&&&raw_send_package
[:00000016] 25 userdata: 0x7fd7d09a8ea0
[:00000016] recieve package Request_StartGame
[:00000016] send_package S2C_LoadBattle
[:00000016] &&&&raw_send_package
[:0000000e] watchdog socket close 22
[:00000016] KILL self
